<?xml version="1.0" encoding="UTF-8"?>
<!-- Generated by org.testng.reporters.JUnitReportReporter -->
<testsuite hostname="Saumitro" failures="0" tests="1" name="demo.testautomation.pratciceTest.saucedemo_practiceTest" time="2.432" errors="0" timestamp="2024-03-27T23:56:49 IST" skipped="0">
  <testcase classname="demo.testautomation.pratciceTest.saucedemo_practiceTest" name="remoteLoginTest" time="2.432"/>
</testsuite> <!-- demo.testautomation.pratciceTest.saucedemo_practiceTest -->
