<?xml version="1.0" encoding="UTF-8"?>
<!-- Generated by org.testng.reporters.JUnitReportReporter -->
<testsuite hostname="Saumitro" failures="0" tests="1" name="demo.testautomation.pratciceTest.DemoTestNg" time="0.007" errors="0" timestamp="2024-03-15T07:47:22 IST" skipped="0">
  <testcase classname="demo.testautomation.pratciceTest.DemoTestNg" name="test" time="0.007"/>
</testsuite> <!-- demo.testautomation.pratciceTest.DemoTestNg -->
